<?xml version="1.0" encoding="UTF-8"?>
<testng-results ignored="0" total="1" passed="1" failed="0" skipped="0">
  <reporter-output>
  </reporter-output>
  <suite started-at="2022-06-02T15:50:04 IST" name="Default suite" finished-at="2022-06-02T15:50:09 IST" duration-ms="5546">
    <groups>
    </groups>
    <test started-at="2022-06-02T15:50:04 IST" name="Default test" finished-at="2022-06-02T15:50:09 IST" duration-ms="5546">
      <class name="CountriesSkype.GETCountry">
        <test-method signature="GetUsers()[pri:0, instance:CountriesSkype.GETCountry@4e7912d8]" started-at="2022-06-02T15:50:04 IST" name="GetUsers" finished-at="2022-06-02T15:50:09 IST" duration-ms="5510" status="PASS">
          <reporter-output>
          </reporter-output>
        </test-method> <!-- GetUsers -->
      </class> <!-- CountriesSkype.GETCountry -->
    </test> <!-- Default test -->
  </suite> <!-- Default suite -->
</testng-results>
